C51 COMPILER V9.56.0.0   DELAY                                                             07/06/2022 13:48:31 PAGE 1   


C51 COMPILER V9.56.0.0, COMPILATION OF MODULE DELAY
OBJECT MODULE PLACED IN .\Objects\delay.obj
COMPILER INVOKED BY: C:\Keil_v5\C51\BIN\C51.EXE delay.c OPTIMIZE(8,SPEED) BROWSE DEBUG OBJECTEXTEND PRINT(.\Listings\del
                    -ay.lst) OBJECT(.\Objects\delay.obj)

line level    source

   1          #include "delay.h"
   2          /*-----------------------------------------------
   3            名称：延时函数
   4          ------------------------------------------------*/
   5          
   6          /*------------------------------------------------
   7           uS延时函数，含有输入参数 unsigned char t，无返回值
   8           unsigned char 是定义无符号字符变量，其值的范围是
   9           0~255 这里使用晶振12M，精确延时请使用汇编,大致延时
  10           长度如下 T=tx2+5 uS 
  11          ------------------------------------------------*/
  12          void DelayUs2x(unsigned char t)
  13          {   
  14   1              while(--t);
  15   1      }
  16          /*------------------------------------------------
  17           mS延时函数，含有输入参数 unsigned char t，无返回值
  18           unsigned char 是定义无符号字符变量，其值的范围是
  19           0~255 这里使用晶振12M，精确延时请使用汇编
  20          ------------------------------------------------*/
  21          void DelayMs(unsigned char t)
  22          {    
  23   1              while(t--)
  24   1              {
  25   2                      //大致延时1mS
  26   2                      DelayUs2x(245);
  27   2                      DelayUs2x(245);
  28   2              }
  29   1      }


MODULE INFORMATION:   STATIC OVERLAYABLE
   CODE SIZE        =     24    ----
   CONSTANT SIZE    =   ----    ----
   XDATA SIZE       =   ----    ----
   PDATA SIZE       =   ----    ----
   DATA SIZE        =   ----    ----
   IDATA SIZE       =   ----    ----
   BIT SIZE         =   ----    ----
END OF MODULE INFORMATION.


C51 COMPILATION COMPLETE.  0 WARNING(S),  0 ERROR(S)
